0:0:0:0:0:0:0:1 	- 	[2015-11-08 14:03:04.717] 	"GET / HTTP/1.1" 	200 	- 	"Mozilla/5.0 (Windows NT 10.0; WOW64) AppleWebKit/537.36 (KHTML, like Gecko) Chrome/46.0.2490.80 Safari/537.36" 	74ms
0:0:0:0:0:0:0:1 	- 	[2015-11-08 14:03:04.923] 	"GET /console/img/logo_baasbox_lp.png HTTP/1.1" 	200 	36032 	"Mozilla/5.0 (Windows NT 10.0; WOW64) AppleWebKit/537.36 (KHTML, like Gecko) Chrome/46.0.2490.80 Safari/537.36" 	83ms
0:0:0:0:0:0:0:1 	- 	[2015-11-08 14:03:05.64] 	"GET /console/favicon.ico HTTP/1.1" 	200 	9662 	"Mozilla/5.0 (Windows NT 10.0; WOW64) AppleWebKit/537.36 (KHTML, like Gecko) Chrome/46.0.2490.80 Safari/537.36" 	2ms
0:0:0:0:0:0:0:1 	- 	[2015-11-08 14:09:26.122] 	"GET /console HTTP/1.1" 	303 	- 	"Mozilla/5.0 (Windows NT 10.0; WOW64) AppleWebKit/537.36 (KHTML, like Gecko) Chrome/46.0.2490.80 Safari/537.36" 	2ms
0:0:0:0:0:0:0:1 	- 	[2015-11-08 14:09:26.130] 	"GET /console/ HTTP/1.1" 	200 	- 	"Mozilla/5.0 (Windows NT 10.0; WOW64) AppleWebKit/537.36 (KHTML, like Gecko) Chrome/46.0.2490.80 Safari/537.36" 	32ms
0:0:0:0:0:0:0:1 	- 	[2015-11-08 14:09:26.220] 	"GET /console/css/bootstrap-classic.css HTTP/1.1" 	200 	134772 	"Mozilla/5.0 (Windows NT 10.0; WOW64) AppleWebKit/537.36 (KHTML, like Gecko) Chrome/46.0.2490.80 Safari/537.36" 	5ms
0:0:0:0:0:0:0:1 	- 	[2015-11-08 14:09:26.224] 	"GET /console/css/bootstrap-responsive.css HTTP/1.1" 	200 	14447 	"Mozilla/5.0 (Windows NT 10.0; WOW64) AppleWebKit/537.36 (KHTML, like Gecko) Chrome/46.0.2490.80 Safari/537.36" 	3ms
0:0:0:0:0:0:0:1 	- 	[2015-11-08 14:09:26.225] 	"GET /console/css/charisma-app.css HTTP/1.1" 	200 	10647 	"Mozilla/5.0 (Windows NT 10.0; WOW64) AppleWebKit/537.36 (KHTML, like Gecko) Chrome/46.0.2490.80 Safari/537.36" 	5ms
0:0:0:0:0:0:0:1 	- 	[2015-11-08 14:09:26.227] 	"GET /console/css/font-awesome.min.css HTTP/1.1" 	200 	21984 	"Mozilla/5.0 (Windows NT 10.0; WOW64) AppleWebKit/537.36 (KHTML, like Gecko) Chrome/46.0.2490.80 Safari/537.36" 	3ms
0:0:0:0:0:0:0:1 	- 	[2015-11-08 14:09:26.227] 	"GET /console/css/s-btns.css HTTP/1.1" 	200 	25903 	"Mozilla/5.0 (Windows NT 10.0; WOW64) AppleWebKit/537.36 (KHTML, like Gecko) Chrome/46.0.2490.80 Safari/537.36" 	4ms
0:0:0:0:0:0:0:1 	- 	[2015-11-08 14:09:26.227] 	"GET /console/css/baasbox.css HTTP/1.1" 	200 	7642 	"Mozilla/5.0 (Windows NT 10.0; WOW64) AppleWebKit/537.36 (KHTML, like Gecko) Chrome/46.0.2490.80 Safari/537.36" 	4ms
0:0:0:0:0:0:0:1 	- 	[2015-11-08 14:09:26.233] 	"GET /console/css/baasbox-jsnippet.css HTTP/1.1" 	200 	4519 	"Mozilla/5.0 (Windows NT 10.0; WOW64) AppleWebKit/537.36 (KHTML, like Gecko) Chrome/46.0.2490.80 Safari/537.36" 	7ms
0:0:0:0:0:0:0:1 	- 	[2015-11-08 14:09:26.236] 	"GET /console/css/jquery-ui-1.8.21.custom.css HTTP/1.1" 	200 	33252 	"Mozilla/5.0 (Windows NT 10.0; WOW64) AppleWebKit/537.36 (KHTML, like Gecko) Chrome/46.0.2490.80 Safari/537.36" 	5ms
0:0:0:0:0:0:0:1 	- 	[2015-11-08 14:09:26.239] 	"GET /console/css/fullcalendar.css HTTP/1.1" 	200 	10699 	"Mozilla/5.0 (Windows NT 10.0; WOW64) AppleWebKit/537.36 (KHTML, like Gecko) Chrome/46.0.2490.80 Safari/537.36" 	5ms
0:0:0:0:0:0:0:1 	- 	[2015-11-08 14:09:26.240] 	"GET /console/css/chosen.css HTTP/1.1" 	200 	14176 	"Mozilla/5.0 (Windows NT 10.0; WOW64) AppleWebKit/537.36 (KHTML, like Gecko) Chrome/46.0.2490.80 Safari/537.36" 	4ms
0:0:0:0:0:0:0:1 	- 	[2015-11-08 14:09:26.243] 	"GET /console/css/uniform.default.css HTTP/1.1" 	200 	10598 	"Mozilla/5.0 (Windows NT 10.0; WOW64) AppleWebKit/537.36 (KHTML, like Gecko) Chrome/46.0.2490.80 Safari/537.36" 	3ms
0:0:0:0:0:0:0:1 	- 	[2015-11-08 14:09:26.245] 	"GET /console/css/colorbox.css HTTP/1.1" 	200 	3301 	"Mozilla/5.0 (Windows NT 10.0; WOW64) AppleWebKit/537.36 (KHTML, like Gecko) Chrome/46.0.2490.80 Safari/537.36" 	4ms
0:0:0:0:0:0:0:1 	- 	[2015-11-08 14:09:26.245] 	"GET /console/css/jquery.cleditor.css HTTP/1.1" 	200 	1394 	"Mozilla/5.0 (Windows NT 10.0; WOW64) AppleWebKit/537.36 (KHTML, like Gecko) Chrome/46.0.2490.80 Safari/537.36" 	4ms
0:0:0:0:0:0:0:1 	- 	[2015-11-08 14:09:26.256] 	"GET /console/css/noty_theme_default.css HTTP/1.1" 	200 	8752 	"Mozilla/5.0 (Windows NT 10.0; WOW64) AppleWebKit/537.36 (KHTML, like Gecko) Chrome/46.0.2490.80 Safari/537.36" 	6ms
0:0:0:0:0:0:0:1 	- 	[2015-11-08 14:09:26.256] 	"GET /console/css/elfinder.min.css HTTP/1.1" 	200 	29647 	"Mozilla/5.0 (Windows NT 10.0; WOW64) AppleWebKit/537.36 (KHTML, like Gecko) Chrome/46.0.2490.80 Safari/537.36" 	6ms
0:0:0:0:0:0:0:1 	- 	[2015-11-08 14:09:26.256] 	"GET /console/css/jquery.noty.css HTTP/1.1" 	200 	2116 	"Mozilla/5.0 (Windows NT 10.0; WOW64) AppleWebKit/537.36 (KHTML, like Gecko) Chrome/46.0.2490.80 Safari/537.36" 	6ms
0:0:0:0:0:0:0:1 	- 	[2015-11-08 14:09:26.260] 	"GET /console/css/jquery.iphone.toggle.css HTTP/1.1" 	200 	3901 	"Mozilla/5.0 (Windows NT 10.0; WOW64) AppleWebKit/537.36 (KHTML, like Gecko) Chrome/46.0.2490.80 Safari/537.36" 	3ms
0:0:0:0:0:0:0:1 	- 	[2015-11-08 14:09:26.260] 	"GET /console/css/elfinder.theme.css HTTP/1.1" 	200 	1825 	"Mozilla/5.0 (Windows NT 10.0; WOW64) AppleWebKit/537.36 (KHTML, like Gecko) Chrome/46.0.2490.80 Safari/537.36" 	3ms
0:0:0:0:0:0:0:1 	- 	[2015-11-08 14:09:26.260] 	"GET /console/css/opa-icons.css HTTP/1.1" 	200 	39656 	"Mozilla/5.0 (Windows NT 10.0; WOW64) AppleWebKit/537.36 (KHTML, like Gecko) Chrome/46.0.2490.80 Safari/537.36" 	4ms
0:0:0:0:0:0:0:1 	- 	[2015-11-08 14:09:26.267] 	"GET /console/css/uploadify.css HTTP/1.1" 	200 	2452 	"Mozilla/5.0 (Windows NT 10.0; WOW64) AppleWebKit/537.36 (KHTML, like Gecko) Chrome/46.0.2490.80 Safari/537.36" 	3ms
0:0:0:0:0:0:0:1 	- 	[2015-11-08 14:09:26.267] 	"GET /console/js/jquery-1.7.2.min.js HTTP/1.1" 	200 	94840 	"Mozilla/5.0 (Windows NT 10.0; WOW64) AppleWebKit/537.36 (KHTML, like Gecko) Chrome/46.0.2490.80 Safari/537.36" 	3ms
0:0:0:0:0:0:0:1 	- 	[2015-11-08 14:09:26.269] 	"GET /console/js/angular.min.js HTTP/1.1" 	200 	78948 	"Mozilla/5.0 (Windows NT 10.0; WOW64) AppleWebKit/537.36 (KHTML, like Gecko) Chrome/46.0.2490.80 Safari/537.36" 	5ms
0:0:0:0:0:0:0:1 	- 	[2015-11-08 14:09:26.270] 	"GET /console/js/jquery.zrssfeed.min.js HTTP/1.1" 	200 	3761 	"Mozilla/5.0 (Windows NT 10.0; WOW64) AppleWebKit/537.36 (KHTML, like Gecko) Chrome/46.0.2490.80 Safari/537.36" 	5ms
0:0:0:0:0:0:0:1 	- 	[2015-11-08 14:09:26.271] 	"GET /console/js/bootstrap-transition.js HTTP/1.1" 	200 	1801 	"Mozilla/5.0 (Windows NT 10.0; WOW64) AppleWebKit/537.36 (KHTML, like Gecko) Chrome/46.0.2490.80 Safari/537.36" 	4ms
0:0:0:0:0:0:0:1 	- 	[2015-11-08 14:09:26.270] 	"GET /console/js/jquery-ui-1.8.21.custom.min.js HTTP/1.1" 	200 	206923 	"Mozilla/5.0 (Windows NT 10.0; WOW64) AppleWebKit/537.36 (KHTML, like Gecko) Chrome/46.0.2490.80 Safari/537.36" 	5ms
0:0:0:0:0:0:0:1 	- 	[2015-11-08 14:09:26.274] 	"GET /console/js/bootstrap-alert.js HTTP/1.1" 	200 	2392 	"Mozilla/5.0 (Windows NT 10.0; WOW64) AppleWebKit/537.36 (KHTML, like Gecko) Chrome/46.0.2490.80 Safari/537.36" 	3ms
0:0:0:0:0:0:0:1 	- 	[2015-11-08 14:09:26.279] 	"GET /console/js/bootstrap-dropdown.js HTTP/1.1" 	200 	2728 	"Mozilla/5.0 (Windows NT 10.0; WOW64) AppleWebKit/537.36 (KHTML, like Gecko) Chrome/46.0.2490.80 Safari/537.36" 	2ms
0:0:0:0:0:0:0:1 	- 	[2015-11-08 14:09:26.279] 	"GET /console/js/bootstrap-modal.js HTTP/1.1" 	200 	5677 	"Mozilla/5.0 (Windows NT 10.0; WOW64) AppleWebKit/537.36 (KHTML, like Gecko) Chrome/46.0.2490.80 Safari/537.36" 	2ms
0:0:0:0:0:0:0:1 	- 	[2015-11-08 14:09:26.280] 	"GET /console/js/bootstrap-scrollspy.js HTTP/1.1" 	200 	4375 	"Mozilla/5.0 (Windows NT 10.0; WOW64) AppleWebKit/537.36 (KHTML, like Gecko) Chrome/46.0.2490.80 Safari/537.36" 	4ms
0:0:0:0:0:0:0:1 	- 	[2015-11-08 14:09:26.285] 	"GET /console/js/bootstrap-tab.js HTTP/1.1" 	200 	3384 	"Mozilla/5.0 (Windows NT 10.0; WOW64) AppleWebKit/537.36 (KHTML, like Gecko) Chrome/46.0.2490.80 Safari/537.36" 	4ms
0:0:0:0:0:0:0:1 	- 	[2015-11-08 14:09:26.287] 	"GET /console/js/bootstrap-tooltip.js HTTP/1.1" 	200 	7674 	"Mozilla/5.0 (Windows NT 10.0; WOW64) AppleWebKit/537.36 (KHTML, like Gecko) Chrome/46.0.2490.80 Safari/537.36" 	9ms
0:0:0:0:0:0:0:1 	- 	[2015-11-08 14:09:26.289] 	"GET /console/js/bootstrap-popover.js HTTP/1.1" 	200 	2874 	"Mozilla/5.0 (Windows NT 10.0; WOW64) AppleWebKit/537.36 (KHTML, like Gecko) Chrome/46.0.2490.80 Safari/537.36" 	8ms
0:0:0:0:0:0:0:1 	- 	[2015-11-08 14:09:26.294] 	"GET /console/js/bootstrap-button.js HTTP/1.1" 	200 	2713 	"Mozilla/5.0 (Windows NT 10.0; WOW64) AppleWebKit/537.36 (KHTML, like Gecko) Chrome/46.0.2490.80 Safari/537.36" 	5ms
0:0:0:0:0:0:0:1 	- 	[2015-11-08 14:09:26.301] 	"GET /console/js/bootstrap-collapse.js HTTP/1.1" 	200 	4398 	"Mozilla/5.0 (Windows NT 10.0; WOW64) AppleWebKit/537.36 (KHTML, like Gecko) Chrome/46.0.2490.80 Safari/537.36" 	4ms
0:0:0:0:0:0:0:1 	- 	[2015-11-08 14:09:26.303] 	"GET /console/js/bootstrap-typeahead.js HTTP/1.1" 	200 	7090 	"Mozilla/5.0 (Windows NT 10.0; WOW64) AppleWebKit/537.36 (KHTML, like Gecko) Chrome/46.0.2490.80 Safari/537.36" 	6ms
0:0:0:0:0:0:0:1 	- 	[2015-11-08 14:09:26.302] 	"GET /console/js/bootstrap-carousel.js HTTP/1.1" 	200 	5018 	"Mozilla/5.0 (Windows NT 10.0; WOW64) AppleWebKit/537.36 (KHTML, like Gecko) Chrome/46.0.2490.80 Safari/537.36" 	9ms
0:0:0:0:0:0:0:1 	- 	[2015-11-08 14:09:26.305] 	"GET /console/js/jquery.cookie.js HTTP/1.1" 	200 	1941 	"Mozilla/5.0 (Windows NT 10.0; WOW64) AppleWebKit/537.36 (KHTML, like Gecko) Chrome/46.0.2490.80 Safari/537.36" 	7ms
0:0:0:0:0:0:0:1 	- 	[2015-11-08 14:09:26.303] 	"GET /console/js/bootstrap-tour.js HTTP/1.1" 	200 	7048 	"Mozilla/5.0 (Windows NT 10.0; WOW64) AppleWebKit/537.36 (KHTML, like Gecko) Chrome/46.0.2490.80 Safari/537.36" 	9ms
0:0:0:0:0:0:0:1 	- 	[2015-11-08 14:09:26.305] 	"GET /console/js/fullcalendar.min.js HTTP/1.1" 	200 	49999 	"Mozilla/5.0 (Windows NT 10.0; WOW64) AppleWebKit/537.36 (KHTML, like Gecko) Chrome/46.0.2490.80 Safari/537.36" 	7ms
0:0:0:0:0:0:0:1 	- 	[2015-11-08 14:09:26.318] 	"GET /console/js/jquery.dataTables.min.js HTTP/1.1" 	200 	72194 	"Mozilla/5.0 (Windows NT 10.0; WOW64) AppleWebKit/537.36 (KHTML, like Gecko) Chrome/46.0.2490.80 Safari/537.36" 	6ms
0:0:0:0:0:0:0:1 	- 	[2015-11-08 14:09:26.318] 	"GET /console/js/jquery.dataTables.editable.js HTTP/1.1" 	200 	67502 	"Mozilla/5.0 (Windows NT 10.0; WOW64) AppleWebKit/537.36 (KHTML, like Gecko) Chrome/46.0.2490.80 Safari/537.36" 	6ms
0:0:0:0:0:0:0:1 	- 	[2015-11-08 14:09:26.318] 	"GET /console/js/jquery.jeditable.js HTTP/1.1" 	200 	22959 	"Mozilla/5.0 (Windows NT 10.0; WOW64) AppleWebKit/537.36 (KHTML, like Gecko) Chrome/46.0.2490.80 Safari/537.36" 	7ms
0:0:0:0:0:0:0:1 	- 	[2015-11-08 14:09:26.320] 	"GET /console/js/ColReorderWithResize.js HTTP/1.1" 	200 	37421 	"Mozilla/5.0 (Windows NT 10.0; WOW64) AppleWebKit/537.36 (KHTML, like Gecko) Chrome/46.0.2490.80 Safari/537.36" 	5ms
0:0:0:0:0:0:0:1 	- 	[2015-11-08 14:09:26.319] 	"GET /console/js/jquery.validate.js HTTP/1.1" 	200 	37363 	"Mozilla/5.0 (Windows NT 10.0; WOW64) AppleWebKit/537.36 (KHTML, like Gecko) Chrome/46.0.2490.80 Safari/537.36" 	6ms
0:0:0:0:0:0:0:1 	- 	[2015-11-08 14:09:26.322] 	"GET /console/js/excanvas.js HTTP/1.1" 	200 	41784 	"Mozilla/5.0 (Windows NT 10.0; WOW64) AppleWebKit/537.36 (KHTML, like Gecko) Chrome/46.0.2490.80 Safari/537.36" 	6ms
0:0:0:0:0:0:0:1 	- 	[2015-11-08 14:09:26.339] 	"GET /console/js/jquery.chosen.min.js HTTP/1.1" 	200 	22939 	"Mozilla/5.0 (Windows NT 10.0; WOW64) AppleWebKit/537.36 (KHTML, like Gecko) Chrome/46.0.2490.80 Safari/537.36" 	7ms
0:0:0:0:0:0:0:1 	- 	[2015-11-08 14:09:26.339] 	"GET /console/js/jquery.flot.resize.min.js HTTP/1.1" 	200 	1239 	"Mozilla/5.0 (Windows NT 10.0; WOW64) AppleWebKit/537.36 (KHTML, like Gecko) Chrome/46.0.2490.80 Safari/537.36" 	7ms
0:0:0:0:0:0:0:1 	- 	[2015-11-08 14:09:26.339] 	"GET /console/js/jquery.snippet.min.js HTTP/1.1" 	200 	68446 	"Mozilla/5.0 (Windows NT 10.0; WOW64) AppleWebKit/537.36 (KHTML, like Gecko) Chrome/46.0.2490.80 Safari/537.36" 	7ms
0:0:0:0:0:0:0:1 	- 	[2015-11-08 14:09:26.339] 	"GET /console/js/jquery.flot.stack.js HTTP/1.1" 	200 	6968 	"Mozilla/5.0 (Windows NT 10.0; WOW64) AppleWebKit/537.36 (KHTML, like Gecko) Chrome/46.0.2490.80 Safari/537.36" 	7ms
0:0:0:0:0:0:0:1 	- 	[2015-11-08 14:09:26.339] 	"GET /console/js/jquery.flot.pie.min.js HTTP/1.1" 	200 	8855 	"Mozilla/5.0 (Windows NT 10.0; WOW64) AppleWebKit/537.36 (KHTML, like Gecko) Chrome/46.0.2490.80 Safari/537.36" 	7ms
0:0:0:0:0:0:0:1 	- 	[2015-11-08 14:09:26.339] 	"GET /console/js/jquery.flot.min.js HTTP/1.1" 	200 	37554 	"Mozilla/5.0 (Windows NT 10.0; WOW64) AppleWebKit/537.36 (KHTML, like Gecko) Chrome/46.0.2490.80 Safari/537.36" 	7ms
0:0:0:0:0:0:0:1 	- 	[2015-11-08 14:09:26.350] 	"GET /console/js/jquery.uniform.min.js HTTP/1.1" 	200 	9323 	"Mozilla/5.0 (Windows NT 10.0; WOW64) AppleWebKit/537.36 (KHTML, like Gecko) Chrome/46.0.2490.80 Safari/537.36" 	3ms
0:0:0:0:0:0:0:1 	- 	[2015-11-08 14:09:26.350] 	"GET /console/js/jquery.colorbox.min.js HTTP/1.1" 	200 	9690 	"Mozilla/5.0 (Windows NT 10.0; WOW64) AppleWebKit/537.36 (KHTML, like Gecko) Chrome/46.0.2490.80 Safari/537.36" 	4ms
0:0:0:0:0:0:0:1 	- 	[2015-11-08 14:09:26.351] 	"GET /console/js/jquery.cleditor.min.js HTTP/1.1" 	200 	12047 	"Mozilla/5.0 (Windows NT 10.0; WOW64) AppleWebKit/537.36 (KHTML, like Gecko) Chrome/46.0.2490.80 Safari/537.36" 	3ms
0:0:0:0:0:0:0:1 	- 	[2015-11-08 14:09:26.350] 	"GET /console/css/lato.css HTTP/1.1" 	200 	119 	"Mozilla/5.0 (Windows NT 10.0; WOW64) AppleWebKit/537.36 (KHTML, like Gecko) Chrome/46.0.2490.80 Safari/537.36" 	5ms
0:0:0:0:0:0:0:1 	- 	[2015-11-08 14:09:26.354] 	"GET /console/js/jquery.elfinder.min.js HTTP/1.1" 	200 	134069 	"Mozilla/5.0 (Windows NT 10.0; WOW64) AppleWebKit/537.36 (KHTML, like Gecko) Chrome/46.0.2490.80 Safari/537.36" 	5ms
0:0:0:0:0:0:0:1 	- 	[2015-11-08 14:09:26.357] 	"GET /console/js/jquery.raty.min.js HTTP/1.1" 	200 	7549 	"Mozilla/5.0 (Windows NT 10.0; WOW64) AppleWebKit/537.36 (KHTML, like Gecko) Chrome/46.0.2490.80 Safari/537.36" 	2ms
0:0:0:0:0:0:0:1 	- 	[2015-11-08 14:09:26.354] 	"GET /console/js/jquery.noty.js HTTP/1.1" 	200 	8385 	"Mozilla/5.0 (Windows NT 10.0; WOW64) AppleWebKit/537.36 (KHTML, like Gecko) Chrome/46.0.2490.80 Safari/537.36" 	5ms
0:0:0:0:0:0:0:1 	- 	[2015-11-08 14:09:26.359] 	"GET /console/js/jquery.uploadify-3.1.min.js HTTP/1.1" 	200 	46268 	"Mozilla/5.0 (Windows NT 10.0; WOW64) AppleWebKit/537.36 (KHTML, like Gecko) Chrome/46.0.2490.80 Safari/537.36" 	3ms
0:0:0:0:0:0:0:1 	- 	[2015-11-08 14:09:26.359] 	"GET /console/js/jquery.iphone.toggle.js HTTP/1.1" 	200 	9922 	"Mozilla/5.0 (Windows NT 10.0; WOW64) AppleWebKit/537.36 (KHTML, like Gecko) Chrome/46.0.2490.80 Safari/537.36" 	3ms
0:0:0:0:0:0:0:1 	- 	[2015-11-08 14:09:26.363] 	"GET /console/js/history.js HTTP/1.1" 	200 	47418 	"Mozilla/5.0 (Windows NT 10.0; WOW64) AppleWebKit/537.36 (KHTML, like Gecko) Chrome/46.0.2490.80 Safari/537.36" 	3ms
0:0:0:0:0:0:0:1 	- 	[2015-11-08 14:09:26.362] 	"GET /console/js/history.adapter.jquery.js HTTP/1.1" 	200 	1954 	"Mozilla/5.0 (Windows NT 10.0; WOW64) AppleWebKit/537.36 (KHTML, like Gecko) Chrome/46.0.2490.80 Safari/537.36" 	4ms
0:0:0:0:0:0:0:1 	- 	[2015-11-08 14:09:26.359] 	"GET /console/js/jquery.autogrow-textarea.js HTTP/1.1" 	200 	2136 	"Mozilla/5.0 (Windows NT 10.0; WOW64) AppleWebKit/537.36 (KHTML, like Gecko) Chrome/46.0.2490.80 Safari/537.36" 	7ms
0:0:0:0:0:0:0:1 	- 	[2015-11-08 14:09:26.365] 	"GET /console/js/ace/ace.js HTTP/1.1" 	200 	337015 	"Mozilla/5.0 (Windows NT 10.0; WOW64) AppleWebKit/537.36 (KHTML, like Gecko) Chrome/46.0.2490.80 Safari/537.36" 	2ms
0:0:0:0:0:0:0:1 	- 	[2015-11-08 14:09:26.367] 	"GET /console/js/ace/ext-language_tools.js HTTP/1.1" 	200 	31742 	"Mozilla/5.0 (Windows NT 10.0; WOW64) AppleWebKit/537.36 (KHTML, like Gecko) Chrome/46.0.2490.80 Safari/537.36" 	5ms
0:0:0:0:0:0:0:1 	- 	[2015-11-08 14:09:26.368] 	"GET /console/js/ui-ace.js HTTP/1.1" 	200 	9610 	"Mozilla/5.0 (Windows NT 10.0; WOW64) AppleWebKit/537.36 (KHTML, like Gecko) Chrome/46.0.2490.80 Safari/537.36" 	5ms
0:0:0:0:0:0:0:1 	- 	[2015-11-08 14:09:26.371] 	"GET /console/js/charisma.js HTTP/1.1" 	200 	9197 	"Mozilla/5.0 (Windows NT 10.0; WOW64) AppleWebKit/537.36 (KHTML, like Gecko) Chrome/46.0.2490.80 Safari/537.36" 	2ms
0:0:0:0:0:0:0:1 	- 	[2015-11-08 14:09:26.376] 	"GET /console/bbjs/push.js HTTP/1.1" 	200 	7779 	"Mozilla/5.0 (Windows NT 10.0; WOW64) AppleWebKit/537.36 (KHTML, like Gecko) Chrome/46.0.2490.80 Safari/537.36" 	2ms
0:0:0:0:0:0:0:1 	- 	[2015-11-08 14:09:26.381] 	"GET /console/bbjs/baasboxgui.js HTTP/1.1" 	200 	76360 	"Mozilla/5.0 (Windows NT 10.0; WOW64) AppleWebKit/537.36 (KHTML, like Gecko) Chrome/46.0.2490.80 Safari/537.36" 	2ms
0:0:0:0:0:0:0:1 	- 	[2015-11-08 14:09:26.381] 	"GET /console/bbjs/scripts.js HTTP/1.1" 	200 	9522 	"Mozilla/5.0 (Windows NT 10.0; WOW64) AppleWebKit/537.36 (KHTML, like Gecko) Chrome/46.0.2490.80 Safari/537.36" 	2ms
0:0:0:0:0:0:0:1 	- 	[2015-11-08 14:09:26.382] 	"GET /console/bbjs/whatsnew-tour.js HTTP/1.1" 	200 	1794 	"Mozilla/5.0 (Windows NT 10.0; WOW64) AppleWebKit/537.36 (KHTML, like Gecko) Chrome/46.0.2490.80 Safari/537.36" 	2ms
0:0:0:0:0:0:0:1 	- 	[2015-11-08 14:09:26.382] 	"GET /console/bbjs/tour.js HTTP/1.1" 	200 	2264 	"Mozilla/5.0 (Windows NT 10.0; WOW64) AppleWebKit/537.36 (KHTML, like Gecko) Chrome/46.0.2490.80 Safari/537.36" 	2ms
0:0:0:0:0:0:0:1 	- 	[2015-11-08 14:09:26.387] 	"GET /console/bbjs/datatable.js HTTP/1.1" 	200 	3991 	"Mozilla/5.0 (Windows NT 10.0; WOW64) AppleWebKit/537.36 (KHTML, like Gecko) Chrome/46.0.2490.80 Safari/537.36" 	3ms
0:0:0:0:0:0:0:1 	- 	[2015-11-08 14:09:26.387] 	"GET /console/bbjs/documents-datatable.js HTTP/1.1" 	200 	2163 	"Mozilla/5.0 (Windows NT 10.0; WOW64) AppleWebKit/537.36 (KHTML, like Gecko) Chrome/46.0.2490.80 Safari/537.36" 	3ms
0:0:0:0:0:0:0:1 	- 	[2015-11-08 14:09:26.387] 	"GET /console/bbjs/users-datatable.js HTTP/1.1" 	200 	2211 	"Mozilla/5.0 (Windows NT 10.0; WOW64) AppleWebKit/537.36 (KHTML, like Gecko) Chrome/46.0.2490.80 Safari/537.36" 	3ms
0:0:0:0:0:0:0:1 	- 	[2015-11-08 14:09:26.394] 	"GET /console/bbjs/files-datatable.js HTTP/1.1" 	200 	2265 	"Mozilla/5.0 (Windows NT 10.0; WOW64) AppleWebKit/537.36 (KHTML, like Gecko) Chrome/46.0.2490.80 Safari/537.36" 	6ms
0:0:0:0:0:0:0:1 	- 	[2015-11-08 14:09:26.394] 	"GET /console/js/jquery.form.js HTTP/1.1" 	200 	39553 	"Mozilla/5.0 (Windows NT 10.0; WOW64) AppleWebKit/537.36 (KHTML, like Gecko) Chrome/46.0.2490.80 Safari/537.36" 	6ms
0:0:0:0:0:0:0:1 	- 	[2015-11-08 14:09:26.394] 	"GET /console/bbjs/log.js HTTP/1.1" 	200 	233 	"Mozilla/5.0 (Windows NT 10.0; WOW64) AppleWebKit/537.36 (KHTML, like Gecko) Chrome/46.0.2490.80 Safari/537.36" 	6ms
0:0:0:0:0:0:0:1 	- 	[2015-11-08 14:09:26.403] 	"GET /console/css/fullcalendar.print.css HTTP/1.1" 	200 	1337 	"Mozilla/5.0 (Windows NT 10.0; WOW64) AppleWebKit/537.36 (KHTML, like Gecko) Chrome/46.0.2490.80 Safari/537.36" 	2ms
0:0:0:0:0:0:0:1 	- 	[2015-11-08 14:09:26.403] 	"GET /console/img/logo_baasbox_white.png HTTP/1.1" 	200 	51110 	"Mozilla/5.0 (Windows NT 10.0; WOW64) AppleWebKit/537.36 (KHTML, like Gecko) Chrome/46.0.2490.80 Safari/537.36" 	2ms
0:0:0:0:0:0:0:1 	- 	[2015-11-08 14:09:26.409] 	"GET /console/js/routes HTTP/1.1" 	200 	- 	"Mozilla/5.0 (Windows NT 10.0; WOW64) AppleWebKit/537.36 (KHTML, like Gecko) Chrome/46.0.2490.80 Safari/537.36" 	6ms
0:0:0:0:0:0:0:1 	- 	[2015-11-08 14:09:26.421] 	"GET /console/css/Lato-Bol.ttf HTTP/1.1" 	200 	121788 	"Mozilla/5.0 (Windows NT 10.0; WOW64) AppleWebKit/537.36 (KHTML, like Gecko) Chrome/46.0.2490.80 Safari/537.36" 	2ms
0:0:0:0:0:0:0:1 	- 	[2015-11-08 14:09:26.422] 	"GET /console/css/Lato-Regular.ttf HTTP/1.1" 	200 	120196 	"Mozilla/5.0 (Windows NT 10.0; WOW64) AppleWebKit/537.36 (KHTML, like Gecko) Chrome/46.0.2490.80 Safari/537.36" 	1ms
0:0:0:0:0:0:0:1 	- 	[2015-11-08 14:09:26.422] 	"GET /console/img/glyphicons-halflings.png HTTP/1.1" 	200 	12799 	"Mozilla/5.0 (Windows NT 10.0; WOW64) AppleWebKit/537.36 (KHTML, like Gecko) Chrome/46.0.2490.80 Safari/537.36" 	1ms
0:0:0:0:0:0:0:1 	- 	[2015-11-08 14:09:26.422] 	"GET /console/img/opa-icons-black16.png HTTP/1.1" 	200 	27897 	"Mozilla/5.0 (Windows NT 10.0; WOW64) AppleWebKit/537.36 (KHTML, like Gecko) Chrome/46.0.2490.80 Safari/537.36" 	2ms
0:0:0:0:0:0:0:1 	- 	[2015-11-08 14:09:26.422] 	"GET /console/img/opa-icons-color16.png HTTP/1.1" 	200 	45269 	"Mozilla/5.0 (Windows NT 10.0; WOW64) AppleWebKit/537.36 (KHTML, like Gecko) Chrome/46.0.2490.80 Safari/537.36" 	2ms
0:0:0:0:0:0:0:1 	- 	[2015-11-08 14:09:26.870] 	"GET /console/js/ace/theme-crimson_editor.js HTTP/1.1" 	200 	2812 	"Mozilla/5.0 (Windows NT 10.0; WOW64) AppleWebKit/537.36 (KHTML, like Gecko) Chrome/46.0.2490.80 Safari/537.36" 	2ms
0:0:0:0:0:0:0:1 	- 	[2015-11-08 14:09:26.870] 	"GET /console/js/ace/mode-javascript.js HTTP/1.1" 	200 	21285 	"Mozilla/5.0 (Windows NT 10.0; WOW64) AppleWebKit/537.36 (KHTML, like Gecko) Chrome/46.0.2490.80 Safari/537.36" 	2ms
0:0:0:0:0:0:0:1 	- 	[2015-11-08 14:09:26.871] 	"GET /console/js/ace/snippets/text.js HTTP/1.1" 	200 	131 	"Mozilla/5.0 (Windows NT 10.0; WOW64) AppleWebKit/537.36 (KHTML, like Gecko) Chrome/46.0.2490.80 Safari/537.36" 	1ms
0:0:0:0:0:0:0:1 	- 	[2015-11-08 14:09:26.882] 	"GET /console/js/ace/mode-json.js HTTP/1.1" 	200 	10772 	"Mozilla/5.0 (Windows NT 10.0; WOW64) AppleWebKit/537.36 (KHTML, like Gecko) Chrome/46.0.2490.80 Safari/537.36" 	2ms
0:0:0:0:0:0:0:1 	- 	[2015-11-08 14:09:26.955] 	"GET /console/img/sprite.png HTTP/1.1" 	200 	34229 	"Mozilla/5.0 (Windows NT 10.0; WOW64) AppleWebKit/537.36 (KHTML, like Gecko) Chrome/46.0.2490.80 Safari/537.36" 	1ms
0:0:0:0:0:0:0:1 	- 	[2015-11-08 14:09:26.963] 	"GET /console/img/chosen-sprite.png HTTP/1.1" 	200 	559 	"Mozilla/5.0 (Windows NT 10.0; WOW64) AppleWebKit/537.36 (KHTML, like Gecko) Chrome/46.0.2490.80 Safari/537.36" 	2ms
0:0:0:0:0:0:0:1 	- 	[2015-11-08 14:09:26.996] 	"GET /console/img/controls.png HTTP/1.1" 	200 	2033 	"Mozilla/5.0 (Windows NT 10.0; WOW64) AppleWebKit/537.36 (KHTML, like Gecko) Chrome/46.0.2490.80 Safari/537.36" 	1ms
0:0:0:0:0:0:0:1 	- 	[2015-11-08 14:09:26.996] 	"GET /console/img/border.png HTTP/1.1" 	200 	163 	"Mozilla/5.0 (Windows NT 10.0; WOW64) AppleWebKit/537.36 (KHTML, like Gecko) Chrome/46.0.2490.80 Safari/537.36" 	1ms
0:0:0:0:0:0:0:1 	- 	[2015-11-08 14:09:27.436] 	"GET /console/js/ace/worker-javascript.js HTTP/1.1" 	200 	140675 	"Mozilla/5.0 (Windows NT 10.0; WOW64) AppleWebKit/537.36 (KHTML, like Gecko) Chrome/46.0.2490.80 Safari/537.36" 	1ms
0:0:0:0:0:0:0:1 	- 	[2015-11-08 14:09:27.442] 	"GET /console/js/ace/snippets/javascript.js HTTP/1.1" 	200 	3642 	"Mozilla/5.0 (Windows NT 10.0; WOW64) AppleWebKit/537.36 (KHTML, like Gecko) Chrome/46.0.2490.80 Safari/537.36" 	1ms
0:0:0:0:0:0:0:1 	- 	[2015-11-08 14:09:27.445] 	"GET /console/js/ace/worker-json.js HTTP/1.1" 	200 	30950 	"Mozilla/5.0 (Windows NT 10.0; WOW64) AppleWebKit/537.36 (KHTML, like Gecko) Chrome/46.0.2490.80 Safari/537.36" 	2ms
